proguard.cfg
-dontwarn butterknife.internal.**
-keep class **$$ViewInjector { *; }
-keepnames class * { @butterknife.InjectView *;}
-dontwarn android.support.v4.**
-keep class android.support.v4.** { *; }