proguard_logs/seeds.txt
com.inovance.ElevatorControl.BuildConfig
com.inovance.ElevatorControl.ElevatorControlApplication
com.inovance.ElevatorControl.ElevatorControlApplication: ElevatorControlApplication()
com.inovance.ElevatorControl.R
com.inovance.ElevatorControl.R$anim
com.inovance.ElevatorControl.R$anim: int activity_close_animation
com.inovance.ElevatorControl.R$anim: int activity_open_animation
com.inovance.ElevatorControl.R$anim: int close_left_door
com.inovance.ElevatorControl.R$anim: int close_right_door
com.inovance.ElevatorControl.R$anim: int dialog_enter
com.inovance.ElevatorControl.R$anim: int dialog_exit
com.inovance.ElevatorControl.R$anim: int fade_in
com.inovance.ElevatorControl.R$anim: int fade_out
com.inovance.ElevatorControl.R$anim: int grow_fade_in
com.inovance.ElevatorControl.R$anim: int grow_fade_in_center
com.inovance.ElevatorControl.R$anim: int grow_fade_in_from_bottom
com.inovance.ElevatorControl.R$anim: int open_left_door
com.inovance.ElevatorControl.R$anim: int open_right_door
com.inovance.ElevatorControl.R$anim: int shrink_fade_out
com.inovance.ElevatorControl.R$anim: int shrink_fade_out_center
com.inovance.ElevatorControl.R$anim: int shrink_fade_out_from_bottom
com.inovance.ElevatorControl.R$anim: int slide_in_bottom
com.inovance.ElevatorControl.R$anim: int slide_in_top
com.inovance.ElevatorControl.R$anim: int slide_out_bottom
com.inovance.ElevatorControl.R$anim: int slide_out_top
com.inovance.ElevatorControl.R$anim: int toast_enter
com.inovance.ElevatorControl.R$anim: int toast_exit
com.inovance.ElevatorControl.R$array
com.inovance.ElevatorControl.R$array: int array_ports
com.inovance.ElevatorControl.R$array: int configuration_tab_text
com.inovance.ElevatorControl.R$array: int firmware_download_status
com.inovance.ElevatorControl.R$array: int firmware_manage_tab_text
com.inovance.ElevatorControl.R$array: int navigation_tab_text
com.inovance.ElevatorControl.R$array: int operation_item
com.inovance.ElevatorControl.R$array: int other_setting_array
com.inovance.ElevatorControl.R$array: int status_text_array
com.inovance.ElevatorControl.R$array: int system_setting_array
com.inovance.ElevatorControl.R$array: int trouble_analyze_tab_text
com.inovance.ElevatorControl.R$attr
com.inovance.ElevatorControl.R$attr: int actionBarDivider
com.inovance.ElevatorControl.R$attr: int actionBarItemBackground
com.inovance.ElevatorControl.R$attr: int actionBarSize
com.inovance.ElevatorControl.R$attr: int actionBarSplitStyle
com.inovance.ElevatorControl.R$attr: int actionBarStyle
com.inovance.ElevatorControl.R$attr: int actionBarTabBarStyle
com.inovance.ElevatorControl.R$attr: int actionBarTabStyle
com.inovance.ElevatorControl.R$attr: int actionBarTabTextStyle
com.inovance.ElevatorControl.R$attr: int actionBarWidgetTheme
com.inovance.ElevatorControl.R$attr: int actionButtonStyle
com.inovance.ElevatorControl.R$attr: int actionDropDownStyle
com.inovance.ElevatorControl.R$attr: int actionMenuTextAppearance
com.inovance.ElevatorControl.R$attr: int actionMenuTextColor
com.inovance.ElevatorControl.R$attr: int actionModeBackground
com.inovance.ElevatorControl.R$attr: int actionModeCloseButtonStyle
com.inovance.ElevatorControl.R$attr: int actionModeCloseDrawable
com.inovance.ElevatorControl.R$attr: int actionModeCopyDrawable
com.inovance.ElevatorControl.R$attr: int actionModeCutDrawable
com.inovance.ElevatorControl.R$attr: int actionModeFindDrawable
com.inovance.ElevatorControl.R$attr: int actionModePasteDrawable
com.inovance.ElevatorControl.R$attr: int actionModePopupWindowStyle
com.inovance.ElevatorControl.R$attr: int actionModeSelectAllDrawable
com.inovance.ElevatorControl.R$attr: int actionModeShareDrawable
...
org.jivesoftware.smackx.commands.AdHocCommandManager$1
org.jivesoftware.smackx.commands.AdHocCommandManager$2
org.jivesoftware.smackx.commands.AdHocCommandManager$3
org.jivesoftware.smackx.commands.AdHocCommandManager$4
org.jivesoftware.smackx.commands.AdHocCommandManager$5
org.jivesoftware.smackx.commands.AdHocCommandManager$6
org.jivesoftware.smackx.commands.AdHocCommandManager$AdHocCommandInfo
org.jivesoftware.smackx.commands.AdHocCommandNote
org.jivesoftware.smackx.commands.AdHocCommandNote$Type
org.jivesoftware.smackx.commands.AdHocCommandNote$Type: org.jivesoftware.smackx.commands.AdHocCommandNote$Type[] values()
org.jivesoftware.smackx.commands.AdHocCommandNote$Type: org.jivesoftware.smackx.commands.AdHocCommandNote$Type valueOf(java.lang.String)
org.jivesoftware.smackx.commands.LocalCommand
org.jivesoftware.smackx.commands.LocalCommandFactory
org.jivesoftware.smackx.commands.RemoteCommand
org.jivesoftware.smackx.entitycaps.EntityCapsManager
org.jivesoftware.smackx.entitycaps.EntityCapsManager$1
org.jivesoftware.smackx.entitycaps.EntityCapsManager$2
org.jivesoftware.smackx.entitycaps.EntityCapsManager$3
org.jivesoftware.smackx.entitycaps.EntityCapsManager$4
org.jivesoftware.smackx.entitycaps.EntityCapsManager$5
org.jivesoftware.smackx.entitycaps.EntityCapsManager$6
org.jivesoftware.smackx.entitycaps.EntityCapsManager$7
org.jivesoftware.smackx.entitycaps.EntityCapsManager$8
org.jivesoftware.smackx.entitycaps.EntityCapsManager$NodeVerHash
org.jivesoftware.smackx.entitycaps.cache.EntityCapsPersistentCache
org.jivesoftware.smackx.entitycaps.cache.SimpleDirectoryPersistentCache
org.jivesoftware.smackx.entitycaps.packet.CapsExtension
org.jivesoftware.smackx.entitycaps.provider.CapsExtensionProvider
org.jivesoftware.smackx.filetransfer.FaultTolerantNegotiator
org.jivesoftware.smackx.filetransfer.FaultTolerantNegotiator$NegotiatorService
org.jivesoftware.smackx.filetransfer.FileTransfer
org.jivesoftware.smackx.filetransfer.FileTransfer$Error
org.jivesoftware.smackx.filetransfer.FileTransfer$Error: org.jivesoftware.smackx.filetransfer.FileTransfer$Error[] values()
org.jivesoftware.smackx.filetransfer.FileTransfer$Error: org.jivesoftware.smackx.filetransfer.FileTransfer$Error valueOf(java.lang.String)
org.jivesoftware.smackx.filetransfer.FileTransfer$Status
org.jivesoftware.smackx.filetransfer.FileTransfer$Status: org.jivesoftware.smackx.filetransfer.FileTransfer$Status[] values()
org.jivesoftware.smackx.filetransfer.FileTransfer$Status: org.jivesoftware.smackx.filetransfer.FileTransfer$Status valueOf(java.lang.String)
org.jivesoftware.smackx.filetransfer.FileTransferListener
org.jivesoftware.smackx.filetransfer.FileTransferManager
org.jivesoftware.smackx.filetransfer.FileTransferManager$1
org.jivesoftware.smackx.filetransfer.FileTransferNegotiator
org.jivesoftware.smackx.filetransfer.FileTransferNegotiator$1
org.jivesoftware.smackx.filetransfer.FileTransferNegotiator$2
org.jivesoftware.smackx.filetransfer.FileTransferRequest
org.jivesoftware.smackx.filetransfer.IBBTransferNegotiator
org.jivesoftware.smackx.filetransfer.IBBTransferNegotiator$1
org.jivesoftware.smackx.filetransfer.IBBTransferNegotiator$ByteStreamRequest
org.jivesoftware.smackx.filetransfer.IBBTransferNegotiator$IBBOpenSidFilter
org.jivesoftware.smackx.filetransfer.IncomingFileTransfer
org.jivesoftware.smackx.filetransfer.IncomingFileTransfer$1
org.jivesoftware.smackx.filetransfer.IncomingFileTransfer$2
org.jivesoftware.smackx.filetransfer.OutgoingFileTransfer
org.jivesoftware.smackx.filetransfer.OutgoingFileTransfer$1
org.jivesoftware.smackx.filetransfer.OutgoingFileTransfer$2
org.jivesoftware.smackx.filetransfer.OutgoingFileTransfer$3
org.jivesoftware.smackx.filetransfer.OutgoingFileTransfer$NegotiationProgress
org.jivesoftware.smackx.filetransfer.Socks5TransferNegotiator
org.jivesoftware.smackx.filetransfer.Socks5TransferNegotiator$1
org.jivesoftware.smackx.filetransfer.Socks5TransferNegotiator$ByteStreamRequest