proguard_logs/mapping.txt
com.inovance.ElevatorControl.ElevatorControlApplication -> com.inovance.ElevatorControl.ElevatorControlApplication:
    void onCreate() -> onCreate
    void writeDefaultShortcutData() -> b
com.inovance.ElevatorControl.R -> com.inovance.ElevatorControl.R:
com.inovance.ElevatorControl.R$styleable -> com.inovance.ElevatorControl.R$styleable:
    int[] AbsListView -> AbsListView
    int AbsListView_android_choiceMode -> AbsListView_android_choiceMode
    int AbsListView_android_fastScrollAlwaysVisible -> AbsListView_android_fastScrollAlwaysVisible
    int AbsListView_android_fastScrollEnabled -> AbsListView_android_fastScrollEnabled
    int[] AbsSpinner -> AbsSpinner
    int AbsSpinner_android_entries -> AbsSpinner_android_entries
    int[] ActionBar -> ActionBar
    int ActionBar_background -> ActionBar_background
    int ActionBar_backgroundSplit -> ActionBar_backgroundSplit
    int ActionBar_backgroundStacked -> ActionBar_backgroundStacked
    int ActionBar_customNavigationLayout -> ActionBar_customNavigationLayout
    int ActionBar_displayOptions -> ActionBar_displayOptions
    int ActionBar_height -> ActionBar_height
    int ActionBar_homeLayout -> ActionBar_homeLayout
    int ActionBar_icon -> ActionBar_icon
    int ActionBar_indeterminateProgressStyle -> ActionBar_indeterminateProgressStyle
    int ActionBar_itemPadding -> ActionBar_itemPadding
    int ActionBar_logo -> ActionBar_logo
    int ActionBar_navigationMode -> ActionBar_navigationMode
    int ActionBar_progressBarPadding -> ActionBar_progressBarPadding
    int ActionBar_progressBarStyle -> ActionBar_progressBarStyle
    int ActionBar_subtitle -> ActionBar_subtitle
    int ActionBar_subtitleTextStyle -> ActionBar_subtitleTextStyle
com.inovance.ElevatorControl.activities.AboutActivity -> com.inovance.ElevatorControl.activities.AboutActivity:
    void onCreate(android.os.Bundle) -> onCreate
    void onResume() -> onResume
    void onPause() -> onPause
    boolean onOptionsItemSelected(android.view.MenuItem) -> onOptionsItemSelected
com.inovance.ElevatorControl.activities.BarcodeCaptureActivity -> com.inovance.ElevatorControl.activities.BarcodeCaptureActivity:
    android.hardware.Camera mCamera -> f
    com.inovance.ElevatorControl.views.zbar.CameraPreview mPreview -> g
    android.os.Handler autoFocusHandler -> h
    android.widget.TextView scanText -> a
    android.widget.Button scanButton -> b
    net.sourceforge.zbar.ImageScanner scanner -> c
    boolean barcodeScanned -> i
    boolean previewing -> j
    java.lang.Runnable doAutoFocus -> k
    android.hardware.Camera$PreviewCallback previewCb -> d
    android.hardware.Camera$AutoFocusCallback autoFocusCB -> e
    void onCreate(android.os.Bundle) -> onCreate
    void onPause() -> onPause
    android.hardware.Camera getCameraInstance() -> a
    void releaseCamera() -> b
    boolean access$000(com.inovance.ElevatorControl.activities.BarcodeCaptureActivity) -> a
    boolean access$002(com.inovance.ElevatorControl.activities.BarcodeCaptureActivity,boolean) -> a
    android.hardware.Camera access$100(com.inovance.ElevatorControl.activities.BarcodeCaptureActivity) -> b
    boolean access$202(com.inovance.ElevatorControl.activities.BarcodeCaptureActivity,boolean) -> b
    boolean access$200(com.inovance.ElevatorControl.activities.BarcodeCaptureActivity) -> c
    java.lang.Runnable access$300(com.inovance.ElevatorControl.activities.BarcodeCaptureActivity) -> d
com.inovance.ElevatorControl.activities.BarcodeCaptureActivity$1 -> com.inovance.ElevatorControl.activities.BarcodeCaptureActivity$1:
    com.inovance.ElevatorControl.activities.BarcodeCaptureActivity this$0 -> a
    void onClick(android.view.View) -> onClick
com.inovance.ElevatorControl.activities.BarcodeCaptureActivity$2 -> com.inovance.ElevatorControl.activities.BarcodeCaptureActivity$2:
    com.inovance.ElevatorControl.activities.BarcodeCaptureActivity this$0 -> a
    void run() -> run
...
org.jivesoftware.smack.RosterEntry -> org.jivesoftware.smack.RosterEntry:
    java.lang.String user -> a
    java.lang.String name -> b
    org.jivesoftware.smack.packet.RosterPacket$ItemType type -> c
    org.jivesoftware.smack.packet.RosterPacket$ItemStatus status -> d
    org.jivesoftware.smack.Roster roster -> e
    org.jivesoftware.smack.Connection connection -> f
    java.lang.String getUser() -> a
    java.util.Collection getGroups() -> b
    java.lang.String toString() -> toString
    boolean equals(java.lang.Object) -> equals
    int hashCode() -> hashCode
org.jivesoftware.smack.RosterGroup -> org.jivesoftware.smack.RosterGroup:
    java.lang.String name -> a
    org.jivesoftware.smack.Connection connection -> b
    java.util.List entries -> c
    java.lang.String getName() -> a
    int getEntryCount() -> b
    boolean contains(org.jivesoftware.smack.RosterEntry) -> a
    void addEntryLocal(org.jivesoftware.smack.RosterEntry) -> b
    void removeEntryLocal(org.jivesoftware.smack.RosterEntry) -> c
org.jivesoftware.smack.RosterListener -> org.jivesoftware.smack.RosterListener:
    void entriesAdded(java.util.Collection) -> a
    void entriesUpdated(java.util.Collection) -> b
    void entriesDeleted(java.util.Collection) -> c
    void presenceChanged(org.jivesoftware.smack.packet.Presence) -> a
org.jivesoftware.smack.RosterStorage -> org.jivesoftware.smack.RosterStorage:
    java.util.List getEntries() -> a
    java.lang.String getRosterVersion() -> b
    void addEntry(org.jivesoftware.smack.packet.RosterPacket$Item,java.lang.String) -> a
    void removeEntry(java.lang.String) -> a
org.jivesoftware.smack.SASLAuthentication -> org.jivesoftware.smack.SASLAuthentication:
    java.util.Map implementedMechanisms -> a
    java.util.List mechanismsPreferences -> b
    org.jivesoftware.smack.Connection connection -> c
    java.util.Collection serverMechanisms -> d
    org.jivesoftware.smack.sasl.SASLMechanism currentMechanism -> e
    boolean saslNegotiated -> f
    boolean saslFailed -> g
    boolean resourceBinded -> h
    boolean sessionSupported -> i
    java.lang.String errorCondition -> j
    void registerSASLMechanism(java.lang.String,java.lang.Class) -> a
    void supportSASLMechanism(java.lang.String,int) -> a
    boolean hasAnonymousAuthentication() -> a
    boolean hasNonAnonymousAuthentication() -> b
    java.lang.String authenticate(java.lang.String,java.lang.String,org.apache.harmony.javax.security.auth.callback.CallbackHandler) -> a
    java.lang.String authenticate(java.lang.String,java.lang.String,java.lang.String) -> a
    java.lang.String authenticateAnonymously() -> c
    java.lang.String bindResourceAndEstablishSession(java.lang.String) -> c
    void setAvailableSASLMethods(java.util.Collection) -> a
    void challengeReceived(java.lang.String) -> a
    void authenticated() -> d
    void authenticationFailed() -> e
    void authenticationFailed(java.lang.String) -> b
    void bindingRequired() -> f
    void send(org.jivesoftware.smack.packet.Packet) -> a
    void sessionsSupported() -> g
    void init() -> h
org.jivesoftware.smack.ServerTrustManager -> org.jivesoftware.smack.ServerTrustManager:
    java.util.regex.Pattern cnPattern -> a
    org.jivesoftware.smack.ConnectionConfiguration configuration -> b
    java.lang.String server -> c
    java.security.KeyStore trustStore -> d
    java.util.Map stores -> e
    java.security.cert.X509Certificate[] getAcceptedIssuers() -> getAcceptedIssuers
    void checkClientTrusted(java.security.cert.X509Certificate[],java.lang.String) -> checkClientTrusted
    void checkServerTrusted(java.security.cert.X509Certificate[],java.lang.String) -> checkServerTrusted
    java.util.List getPeerIdentity(java.security.cert.X509Certificate) -> a
    java.util.List getSubjectAlternativeNames(java.security.cert.X509Certificate) -> b