proguard_logs/usage.txt
com.inovance.ElevatorControl.BuildConfig
com.inovance.ElevatorControl.R:
    10:3994:public R()
com.inovance.ElevatorControl.R$anim
com.inovance.ElevatorControl.R$array
com.inovance.ElevatorControl.R$attr
com.inovance.ElevatorControl.R$bool
com.inovance.ElevatorControl.R$color
com.inovance.ElevatorControl.R$dimen
com.inovance.ElevatorControl.R$drawable
com.inovance.ElevatorControl.R$id
com.inovance.ElevatorControl.R$integer
com.inovance.ElevatorControl.R$interpolator
com.inovance.ElevatorControl.R$layout
com.inovance.ElevatorControl.R$menu
com.inovance.ElevatorControl.R$raw
com.inovance.ElevatorControl.R$string
com.inovance.ElevatorControl.R$style
com.inovance.ElevatorControl.R$styleable:
    3994:3994:public R$styleable()
com.inovance.ElevatorControl.activities.CheckAuthorizationActivity:
    private static final int WRITE_FINISH
    83:124:private void verifyCurrentUser()
com.inovance.ElevatorControl.activities.CheckAuthorizationActivity$1
com.inovance.ElevatorControl.activities.CheckAuthorizationActivity$2
com.inovance.ElevatorControl.activities.ChooseDeviceActivity:
    private org.holoeverywhere.preference.SharedPreferences preferences
com.inovance.ElevatorControl.activities.ConfigurationActivity:
    private static final int SYNC_TIME
com.inovance.ElevatorControl.activities.ConfigurationActivity$3:
    211:211:public void beforeReceive()
com.inovance.ElevatorControl.activities.ConfigurationActivity$4:
    292:292:public void beforeReceive()
com.inovance.ElevatorControl.activities.ConfigurationActivity$5:
    396:396:public void beforeReceive()
com.inovance.ElevatorControl.activities.HomeActivity:
    private static final int SYNC_TIME
com.inovance.ElevatorControl.activities.HomeActivity$3:
    150:150:public void beforeReceive()
com.inovance.ElevatorControl.activities.MoveInsideActivity:
    private static final java.lang.String codeType
    private static final int SYNC_TIME
com.inovance.ElevatorControl.activities.MoveInsideActivity$3:
    176:176:public void beforeReceive()
com.inovance.ElevatorControl.activities.MoveInsideActivity$4:
    323:323:public void beforeReceive()
com.inovance.ElevatorControl.activities.MoveInsideActivity$5:
    359:359:public void beforeReceive()
com.inovance.ElevatorControl.activities.MoveInsideActivity$6:
    402:402:public void beforeReceive()
com.inovance.ElevatorControl.activities.MoveInsideActivity$7:
    451:451:public void beforeReceive()
com.inovance.ElevatorControl.activities.MoveOutsideActivity:
    private static final java.lang.String codeType
    private static final int SYNC_TIME
com.inovance.ElevatorControl.activities.MoveOutsideActivity$3:
    214:214:public void beforeReceive()
com.inovance.ElevatorControl.activities.MoveOutsideActivity$6:
    418:418:public void beforeReceive()
com.inovance.ElevatorControl.activities.MoveOutsideActivity$7:
    474:474:public void beforeReceive()
com.inovance.ElevatorControl.activities.NavigationTabActivity:
    private static final java.lang.String SpecialDeviceName
    private static final int LOOP_TIME
com.inovance.ElevatorControl.activities.NavigationTabActivity$5:
    341:341:public void beforeReceive()
com.inovance.ElevatorControl.activities.ParameterDetailActivity$11:
    758:758:public void beforeReceive()
com.inovance.ElevatorControl.activities.ParameterDetailActivity$2:
    239:239:public void beforeReceive()
com.inovance.ElevatorControl.activities.ParameterDetailActivity$8:
    584:584:public void beforeReceive()
com.inovance.ElevatorControl.activities.ParameterDetailActivity$9:
    661:661:public void beforeReceive()
com.inovance.ElevatorControl.activities.ParameterDownloadActivity:
    private static final java.lang.String DIRECTORY_NAME
com.inovance.ElevatorControl.activities.ParameterDownloadActivity$4:
    243:243:public void beforeReceive()
com.inovance.ElevatorControl.activities.ParameterUploadActivity:
    private static final java.lang.String DIRECTORY_NAME
...
org.holoeverywhere.app.Dialog:
    29:30:public Dialog(android.content.Context)
    34:37:public Dialog(android.content.Context,boolean,android.content.DialogInterface$OnCancelListener)
org.holoeverywhere.app.Dialog$DialogTitle:
    152:153:public Dialog$DialogTitle(android.content.Context)
    156:157:public Dialog$DialogTitle(android.content.Context,android.util.AttributeSet)
    160:161:public Dialog$DialogTitle(android.content.Context,android.util.AttributeSet,int)
org.holoeverywhere.app.DialogFragment
org.holoeverywhere.app.DialogFragment$1
org.holoeverywhere.app.DialogFragment$DialogTransaction
org.holoeverywhere.app.DialogFragment$DialogType
org.holoeverywhere.app.ExpandableListActivity
org.holoeverywhere.app.Fragment:
    22:22:public static org.holoeverywhere.app.Fragment instantiate(java.lang.Class)
    46:46:public static org.holoeverywhere.app.Fragment instantiate(android.content.Context,java.lang.String)
    74:75:public void addon(java.util.Collection)
    79:79:public org.holoeverywhere.addon.IAddonFragment addon(java.lang.String)
    93:93:public boolean isAddonAttached(java.lang.Class)
    16:16:public bridge synthetic org.holoeverywhere.addon.IAddonBase addon(java.lang.String)
org.holoeverywhere.app.GenericInflater
org.holoeverywhere.app.GenericInflater$Factory
org.holoeverywhere.app.GenericInflater$Parent
org.holoeverywhere.app.GridFragment
org.holoeverywhere.app.GridFragment$1
org.holoeverywhere.app.GridFragment$2
org.holoeverywhere.app.ListActivity:
    private boolean mFinishedStart
    private android.widget.AdapterView$OnItemClickListener mOnClickListener
    13:25:public ListActivity()
    40:40:public android.widget.ListAdapter getListAdapter()
    57:57:public long getSelectedItemId()
    61:61:public int getSelectedItemPosition()
    66:83:public void onSupportContentChanged()
    92:92:protected void onListItemClick(org.holoeverywhere.widget.ListView,android.view.View,int,long)
    101:102:public void setSelection(int)
org.holoeverywhere.app.ListActivity$1
org.holoeverywhere.app.ListActivity$2
org.holoeverywhere.app.ListFragment
org.holoeverywhere.app.ListFragment$1
org.holoeverywhere.app.ListFragment$2
org.holoeverywhere.app.ProgressDialog
org.holoeverywhere.app.ProgressDialog$1
org.holoeverywhere.app.ResolverActivity
org.holoeverywhere.app.ResolverActivity$DisplayResolveInfo
org.holoeverywhere.app.ResolverActivity$ItemLongClickListener
org.holoeverywhere.app.ResolverActivity$ResolveListAdapter
org.holoeverywhere.app.TabSwipeActivity
org.holoeverywhere.app.TabSwipeController
org.holoeverywhere.app.TabSwipeController$TabInfo
org.holoeverywhere.app.TabSwipeController$TabSwipeAdapter
org.holoeverywhere.app.TabSwipeFragment
org.holoeverywhere.app.TabSwipeInterface
org.holoeverywhere.app.TabSwipeInterface$ITabInfo
org.holoeverywhere.app.TabSwipeInterface$OnTabSelectedListener
org.holoeverywhere.content.ChooserActivity
org.holoeverywhere.content.ContentResolverCompat
org.holoeverywhere.content.ContentResolverCompat$OpenResourceIdResult
org.holoeverywhere.content.IntentCompat
org.holoeverywhere.drawable.ColorDrawable:
    60:62:public ColorDrawable(int)
org.holoeverywhere.drawable.DrawableCompat:
    49:50:public static void unregisterDrawable(java.lang.String)
    53:53:public static android.graphics.drawable.Drawable createFromPath(java.lang.String)
    58:58:public static android.graphics.drawable.Drawable createFromResourceStream(android.content.res.Resources,android.util.TypedValue,java.io.InputStream,java.lang.String)
    67:67:public static android.graphics.drawable.Drawable createFromStream(java.io.InputStream,java.lang.String)
org.holoeverywhere.drawable.DrawableCompat$StateOverlay:
    private static final int FLAG_ACTIVATED
org.holoeverywhere.drawable.DrawableContainer:
    private static final boolean DEFAULT_DITHER
    617:618:public void setEnterFadeDuration(int)
    621:622:public void setExitFadeDuration(int)